<?xml version="1.0" encoding="UTF-8"?>
<!-- Generated by org.testng.reporters.JUnitReportReporter -->
<testsuite skipped="0" hostname="DESKTOP-526FS2U" name="pageTest.SignInPageTest" tests="2" failures="0" timestamp="2020-08-12T11:25:42 SGT" time="21.545" errors="0">
  <testcase name="ValidateUser" time="0.100" classname="pageTest.SignInPageTest"/>
  <system-out/>
  <testcase name="LoginInValidUser" time="21.445" classname="pageTest.SignInPageTest"/>
  <system-out/>
</testsuite> <!-- pageTest.SignInPageTest -->
