<?xml version="1.0" encoding="UTF-8"?>
<!-- Generated by org.testng.reporters.JUnitReportReporter -->
<testsuite skipped="0" hostname="DESKTOP-526FS2U" name="InitialTest.MainPageTest" tests="1" failures="0" timestamp="2020-08-09T14:09:04 SGT" time="23.366" errors="0">
  <testcase name="LaunchBrowser" time="23.366" classname="InitialTest.MainPageTest"/>
  <system-out/>
</testsuite> <!-- InitialTest.MainPageTest -->
