<?xml version="1.0" encoding="UTF-8"?>
<!-- Generated by org.testng.reporters.JUnitReportReporter -->
<testsuite skipped="0" hostname="DESKTOP-526FS2U" name="InitialTest.HelloWorld" tests="1" failures="0" timestamp="2020-08-07T14:07:59 SGT" time="0.008" errors="0">
  <testcase name="f" time="0.008" classname="InitialTest.HelloWorld"/>
  <system-out/>
</testsuite> <!-- InitialTest.HelloWorld -->
