<?xml version="1.0" encoding="UTF-8"?>
<!-- Generated by org.testng.reporters.JUnitReportReporter -->
<testsuite skipped="0" hostname="DESKTOP-526FS2U" name="pageTest.HelloWorld" tests="1" failures="0" timestamp="2020-08-24T12:23:49 SGT" time="19.031" errors="0">
  <testcase name="InitialTest" time="19.031" classname="pageTest.HelloWorld"/>
  <system-out/>
</testsuite> <!-- pageTest.HelloWorld -->
