<?xml version="1.0" encoding="UTF-8"?>
<!-- Generated by org.testng.reporters.JUnitReportReporter -->
<testsuite skipped="0" hostname="DESKTOP-526FS2U" name="pageTest.MainPageTest" tests="2" failures="0" timestamp="2020-08-10T08:19:19 SGT" time="20.915" errors="0">
  <testcase name="LaunchBrowser" time="20.898" classname="pageTest.MainPageTest"/>
  <system-out/>
  <testcase name="AddToCart" time="0.017" classname="pageTest.MainPageTest"/>
  <system-out/>
</testsuite> <!-- pageTest.MainPageTest -->
