<?xml version="1.0" encoding="UTF-8"?>
<!-- Generated by org.testng.reporters.JUnitReportReporter -->
<testsuite skipped="0" hostname="DESKTOP-526FS2U" name="pageTest.AnnotationTest" tests="2" failures="0" timestamp="2020-08-11T14:08:23 SGT" time="0.012" errors="0">
  <testcase name="testCase1" time="0.009" classname="pageTest.AnnotationTest"/>
  <system-out/>
  <testcase name="testCase2" time="0.003" classname="pageTest.AnnotationTest"/>
  <system-out/>
</testsuite> <!-- pageTest.AnnotationTest -->
