<?xml version="1.0" encoding="UTF-8"?>
<!-- Generated by org.testng.reporters.JUnitReportReporter -->
<testsuite skipped="0" hostname="DESKTOP-M4HGCD8" name="testPage.MainPage" tests="1" failures="0" timestamp="2020-07-22T21:04:16 PDT" time="67.609" errors="0">
  <testcase name="LaunchBrowser" time="67.609" classname="testPage.MainPage"/>
  <system-out/>
</testsuite> <!-- testPage.MainPage -->
