<?xml version="1.0" encoding="UTF-8"?>
<!-- Generated by org.testng.reporters.JUnitReportReporter -->
<testsuite skipped="0" hostname="DESKTOP-M4HGCD8" name="testPage.OpenBrowser" tests="1" failures="0" timestamp="2020-07-22T18:32:16 PDT" time="175.686" errors="0">
  <testcase name="main" time="175.686" classname="testPage.OpenBrowser"/>
  <system-out/>
</testsuite> <!-- testPage.OpenBrowser -->
