<?xml version="1.0" encoding="UTF-8"?>
<!-- Generated by org.testng.reporters.JUnitReportReporter -->
<testsuite skipped="0" hostname="DESKTOP-M4HGCD8" name="pageObject.MainPageBase" tests="1" failures="0" timestamp="2020-07-22T23:11:04 PDT" time="0.015" errors="0">
  <testcase name="f" time="0.015" classname="pageObject.MainPageBase"/>
  <system-out/>
</testsuite> <!-- pageObject.MainPageBase -->
