<?xml version="1.0" encoding="UTF-8"?>
<!-- Generated by org.testng.reporters.JUnitReportReporter -->
<testsuite skipped="0" hostname="DESKTOP-526FS2U" name="pageTest.LoginFormTest" tests="5" failures="0" timestamp="2020-08-25T14:20:04 SGT" time="17.017" errors="0">
  <testcase name="signInSection" time="1.583" classname="pageTest.LoginFormTest"/>
  <system-out/>
  <testcase name="loginWithoutCredentials" time="6.211" classname="pageTest.LoginFormTest"/>
  <system-out/>
  <testcase name="loginWithInvalidCredentials" time="5.419" classname="pageTest.LoginFormTest"/>
  <system-out/>
  <testcase name="invalidEmailFormat" time="1.863" classname="pageTest.LoginFormTest"/>
  <system-out/>
  <testcase name="successfulLogIn" time="1.941" classname="pageTest.LoginFormTest"/>
  <system-out/>
</testsuite> <!-- pageTest.LoginFormTest -->
