<?xml version="1.0" encoding="UTF-8"?>
<!-- Generated by org.testng.reporters.JUnitReportReporter -->
<testsuite skipped="0" hostname="DESKTOP-M4HGCD8" name="pageTest.MainPage" tests="1" failures="0" timestamp="2020-07-22T23:16:54 PDT" time="22.531" errors="0">
  <testcase name="LaunchPage" time="22.531" classname="pageTest.MainPage"/>
  <system-out/>
</testsuite> <!-- pageTest.MainPage -->
