<?xml version="1.0" encoding="UTF-8"?>
<!-- Generated by org.testng.reporters.JUnitReportReporter -->
<testsuite skipped="0" hostname="DESKTOP-526FS2U" name="pageTest.CreateAccountTest" tests="2" failures="0" timestamp="2020-09-02T17:53:37 SGT" time="8.177" errors="0">
  <testcase name="createAccountWindow" time="1.460" classname="pageTest.CreateAccountTest"/>
  <system-out/>
  <testcase name="authenticateEmail" time="6.717" classname="pageTest.CreateAccountTest"/>
  <system-out/>
</testsuite> <!-- pageTest.CreateAccountTest -->
