<?xml version="1.0" encoding="UTF-8"?>
<!-- Generated by org.testng.reporters.JUnitReportReporter -->
<testsuite skipped="0" hostname="DESKTOP-526FS2U" name="pageTest.CreateAccountTest" tests="2" failures="0" timestamp="2020-08-25T16:37:24 SGT" time="8.014" errors="0">
  <testcase name="createAccountWindow" time="1.792" classname="pageTest.CreateAccountTest"/>
  <system-out/>
  <testcase name="authenticateEmail" time="6.222" classname="pageTest.CreateAccountTest"/>
  <system-out/>
</testsuite> <!-- pageTest.CreateAccountTest -->
