<?xml version="1.0" encoding="UTF-8"?>
<!-- Generated by org.testng.reporters.JUnitReportReporter -->
<testsuite skipped="0" hostname="DESKTOP-526FS2U" name="pageTest.MainPage" tests="2" failures="0" timestamp="2020-08-24T16:10:11 SGT" time="17.474" errors="0">
  <testcase name="selectBlouse" time="5.590" classname="pageTest.MainPage"/>
  <system-out/>
  <testcase name="addToCart" time="11.884" classname="pageTest.MainPage"/>
  <system-out/>
</testsuite> <!-- pageTest.MainPage -->
