<?xml version="1.0" encoding="UTF-8"?>
<!-- Generated by org.testng.reporters.JUnitReportReporter -->
<testsuite skipped="0" hostname="DESKTOP-M4HGCD8" name="automation.sample.automation.se.HelloWorld" tests="1" failures="0" timestamp="2020-07-21T02:56:00 PDT" time="0.090" errors="0">
  <testcase name="f" time="0.090" classname="automation.sample.automation.se.HelloWorld"/>
  <system-out/>
</testsuite> <!-- automation.sample.automation.se.HelloWorld -->
