<?xml version="1.0" encoding="UTF-8"?>
<!-- Generated by org.testng.reporters.JUnitReportReporter -->
<testsuite skipped="0" hostname="DESKTOP-526FS2U" name="tests.WishTest" tests="1" failures="0" timestamp="2020-08-13T10:40:26 SGT" time="18.666" errors="0">
  <testcase name="GetStarted" time="18.666" classname="tests.WishTest"/>
  <system-out/>
</testsuite> <!-- tests.WishTest -->
