<?xml version="1.0" encoding="UTF-8"?>
<!-- Generated by org.testng.reporters.JUnitReportReporter -->
<testsuite skipped="0" hostname="DESKTOP-526FS2U" name="tests.CalculatorDemo" tests="1" failures="0" timestamp="2020-08-12T13:45:58 SGT" time="3.957" errors="0">
  <testcase name="testCal" time="3.957" classname="tests.CalculatorDemo"/>
  <system-out/>
</testsuite> <!-- tests.CalculatorDemo -->
